Using pre-set license
Built from '2020.3/china_unity/release' branch; Version is '2020.3.2f1c1 (5fdc1e83a2fd) revision 6282270'; Using compiler version '192528614'; Build Type 'Release'
OS: 'Windows 10 Pro; OS build 19041.572; Version 2004; 64bit' Language: 'zh' Physical Memory: 16331 MB
BatchMode: 1, IsHumanControllingUs: 0, StartBugReporterOnCrash: 0, Is64bit: 1, IsPro: 0

 COMMAND LINE ARGUMENTS:
D:\GamePlay\Unity\Unity Editor\2020.3.2f1c1\Editor\Unity.exe
-adb2
-batchMode
-noUpm
-name
AssetImportWorker0
-projectPath
F:/GitHub/_MyGitHub/Unity-URP-Study/URP
-logFile
Logs/AssetImportWorker0.log
-srvPort
55194
Successfully changed project path to: F:/GitHub/_MyGitHub/Unity-URP-Study/URP
F:/GitHub/_MyGitHub/Unity-URP-Study/URP
Using Asset Import Pipeline V2.
Refreshing native plugins compatible for Editor in 39.42 ms, found 0 plugins.
Preloading 0 native plugins for Editor in 0.00 ms.
Initialize engine version: 2020.3.2f1c1 (5fdc1e83a2fd)
[Subsystems] Discovering subsystems at path D:/GamePlay/Unity/Unity Editor/2020.3.2f1c1/Editor/Data/Resources/UnitySubsystems
[Subsystems] Discovering subsystems at path F:/GitHub/_MyGitHub/Unity-URP-Study/URP/Assets
GfxDevice: creating device client; threaded=0
Direct3D:
    Version:  Direct3D 11.0 [level 11.1]
    Renderer: NVIDIA GeForce RTX 2060 SUPER (ID=0x1f06)
    Vendor:   
    VRAM:     8031 MB
    Driver:   27.21.14.6079
Shader 'Universal Render Pipeline/Particles/Lit': fallback shader 'Universal Render Pipeline/Particles/SimpleLit' not found
Initialize mono
Mono path[0] = 'D:/GamePlay/Unity/Unity Editor/2020.3.2f1c1/Editor/Data/Managed'
Mono path[1] = 'D:/GamePlay/Unity/Unity Editor/2020.3.2f1c1/Editor/Data/MonoBleedingEdge/lib/mono/unityjit'
Mono config path = 'D:/GamePlay/Unity/Unity Editor/2020.3.2f1c1/Editor/Data/MonoBleedingEdge/etc'
Using monoOptions --debugger-agent=transport=dt_socket,embedding=1,server=y,suspend=n,address=127.0.0.1:56768
Begin MonoManager ReloadAssembly
Registering precompiled unity dll's ...
Register platform support module: D:/GamePlay/Unity/Unity Editor/2020.3.2f1c1/Editor/Data/PlaybackEngines/WindowsStandaloneSupport/UnityEditor.WindowsStandalone.Extensions.dll
Registered in 0.000976 seconds.
Native extension for WindowsStandalone target not found
Refreshing native plugins compatible for Editor in 39.95 ms, found 0 plugins.
Preloading 0 native plugins for Editor in 0.00 ms.
Invoked RoslynAnalysisRunner static constructor.
RoslynAnalysisRunner will not be running.
RoslynAnalysisRunner has terminated.
Mono: successfully reloaded assembly
- Completed reload, in  1.343 seconds
Platform modules already initialized, skipping
Registering precompiled user dll's ...
Registered in 0.000853 seconds.
Begin MonoManager ReloadAssembly
Native extension for WindowsStandalone target not found
Refreshing native plugins compatible for Editor in 45.15 ms, found 0 plugins.
Preloading 0 native plugins for Editor in 0.00 ms.
Invoked RoslynAnalysisRunner static constructor.
RoslynAnalysisRunner will not be running.
RoslynAnalysisRunner has terminated.
Mono: successfully reloaded assembly
- Completed reload, in  0.815 seconds
Platform modules already initialized, skipping
========================================================================
Worker process is ready to serve import requests
Shader 'Universal Render Pipeline/Particles/Lit': fallback shader 'Universal Render Pipeline/Particles/SimpleLit' not found
Launched and connected shader compiler UnityShaderCompiler.exe after 0.04 seconds
Refreshing native plugins compatible for Editor in 0.50 ms, found 0 plugins.
Preloading 0 native plugins for Editor in 0.00 ms.
Unloading 2470 Unused Serialized files (Serialized files now loaded: 0)
System memory in use before: 122.7 MB.
System memory in use after: 122.9 MB.

Unloading 11 unused Assets to reduce memory usage. Loaded Objects now: 2918.
Total: 2.158100 ms (FindLiveObjects: 0.327900 ms CreateObjectMapping: 0.063300 ms MarkObjects: 1.661000 ms  DeleteObjects: 0.104600 ms)

========================================================================
Received Import Request.
  path: Assets/Scripts
  artifactKey: Guid(02a3527b6b33a924e8ec66aa805ea717) Importer(815301076,1909f56bfc062723c751e8b465ee728b)
Start importing Assets/Scripts using Guid(02a3527b6b33a924e8ec66aa805ea717) Importer(815301076,1909f56bfc062723c751e8b465ee728b)  -> (artifact id: 'a92637392075a9a26870709c5c573239') in 0.010478 seconds
  Import took 0.014588 seconds .

========================================================================
Received Import Request.
  Time since last request: 5.078754 seconds.
  path: Assets/Shaders/URPUnlitShader.shader
  artifactKey: Guid(35df4ff61a668b14ca993dc2944a52b0) Importer(815301076,1909f56bfc062723c751e8b465ee728b)
Start importing Assets/Shaders/URPUnlitShader.shader using Guid(35df4ff61a668b14ca993dc2944a52b0) Importer(815301076,1909f56bfc062723c751e8b465ee728b)  -> (artifact id: '2e7ab261132dc7fd2a2bcfa173119a91') in 0.053440 seconds
  Import took 0.057637 seconds .

========================================================================
Received Import Request.
  Time since last request: 0.814847 seconds.
  path: Assets/Shaders/URPUnlitShader.shader
  artifactKey: Guid(35df4ff61a668b14ca993dc2944a52b0) Importer(815301076,1909f56bfc062723c751e8b465ee728b)
Start importing Assets/Shaders/URPUnlitShader.shader using Guid(35df4ff61a668b14ca993dc2944a52b0) Importer(815301076,1909f56bfc062723c751e8b465ee728b)  -> (artifact id: '2e7ab261132dc7fd2a2bcfa173119a91') in 0.002069 seconds
  Import took 0.006252 seconds .

AssetImportWorkerClient::OnTransportError - code=2 error=End of file
